<?xml version="1.0" encoding="UTF-8"?>
<testsuite xmlns:xsi="http://www.w3.org/2001/XMLSchema-instance" xsi:noNamespaceSchemaLocation="https://maven.apache.org/surefire/maven-surefire-plugin/xsd/surefire-test-report.xsd" version="3.0.2" name="com.cotejador.app.core.cotejo.MotorCotejoTest" time="0.04" tests="14" errors="0" skipped="0" failures="0">
  <properties>
[...]
</properties>
  <testcase name="nombresDePartidosExactamenteIgualesQuedanProhibidos" classname="com.cotejador.app.core.cotejo.MotorCotejoTest" time="0.004"/>
  <testcase name="palabrasComunesIgnoradasNoBloqueanPorSiSolas" classname="com.cotejador.app.core.cotejo.MotorCotejoTest" time="0.0"/>
  <testcase name="noReutilizaUnGalloEnMasDeUnaPelea" classname="com.cotejador.app.core.cotejo.MotorCotejoTest" time="0.0"/>
  <testcase name="conVariosRivalesValidosEligeElDeMenorDiferenciaDePeso" classname="com.cotejador.app.core.cotejo.MotorCotejoTest" time="0.0"/>
  <testcase name="noEmparejaGallosDelMismoPartido" classname="com.cotejador.app.core.cotejo.MotorCotejoTest" time="0.0"/>
  <testcase name="noReutilizaElMismoIdAunqueVengaEnObjetosDistintos" classname="com.cotejador.app.core.cotejo.MotorCotejoTest" time="0.0"/>
  <testcase name="emparejaDosGallosDePartidosDistintosDentroDeLaTolerancia" classname="com.cotejador.app.core.cotejo.MotorCotejoTest" time="0.0"/>
  <testcase name="dejaSinPeleaLosGallosFueraDeTolerancia" classname="com.cotejador.app.core.cotejo.MotorCotejoTest" time="0.0"/>
  <testcase name="siElRivalMasCercanoEstaBloqueadoPorNombreEligeElSiguienteValido" classname="com.cotejador.app.core.cotejo.MotorCotejoTest" time="0.0"/>
  <testcase name="nombresDePartidosConCoincidenciaSignificativaQuedanProhibidos" classname="com.cotejador.app.core.cotejo.MotorCotejoTest" time="0.0"/>
  <testcase name="conVariosGallosPosiblesElResultadoEsConsistenteYNingunIdSeRepite" classname="com.cotejador.app.core.cotejo.MotorCotejoTest" time="0.0"/>
  <testcase name="conListaVaciaRegresaCeroPeleasYCeroGallosSinPelea" classname="com.cotejador.app.core.cotejo.MotorCotejoTest" time="0.0"/>
  <testcase name="conUnSoloGalloRegresaCeroPeleasYUnGalloSinPelea" classname="com.cotejador.app.core.cotejo.MotorCotejoTest" time="0.0"/>
  <testcase name="nombresDePartidosSinCoincidenciaSignificativaSePermiten" classname="com.cotejador.app.core.cotejo.MotorCotejoTest" time="0.0"/>
</testsuite>